-------------------------------------------------------------------------------
Test set: my.domain.name.jpetstore.TestRunner
-------------------------------------------------------------------------------
Tests run: 19, Failures: 8, Errors: 0, Skipped: 0, Time elapsed: 36.81 s <<< FAILURE! -- in my.domain.name.jpetstore.TestRunner
Test Pet Store Account Registration.Test valid Pet Store Account Registration #1 -- Time elapsed: 2.503 s <<< FAILURE!
java.lang.AssertionError
	at my.domain.name.jpetstore.steps.CreateAccountSteps.my_account_is_created(CreateAccountSteps.java:38)
	at ✽.My account is made with the appropriate information assigned to it(classpath:my/domain/name/jpetstore/feature/CreateAccount.feature:26)

Test Pet Store Account Registration.Test valid Pet Store Account Registration #2 -- Time elapsed: 2.084 s <<< FAILURE!
java.lang.AssertionError
	at my.domain.name.jpetstore.steps.CreateAccountSteps.my_account_is_created(CreateAccountSteps.java:38)
	at ✽.My account is made with the appropriate information assigned to it(classpath:my/domain/name/jpetstore/feature/CreateAccount.feature:26)

Test Pet Store Account Registration.Test invalid Pet Store Account Username/Password Registration #1 -- Time elapsed: 2.074 s <<< FAILURE!
java.lang.AssertionError
	at my.domain.name.jpetstore.steps.CreateAccountSteps.i_should_see_an_error_message(CreateAccountSteps.java:57)
	at ✽.I should see an error message indicating invalid input(classpath:my/domain/name/jpetstore/feature/CreateAccount.feature:37)

Test Pet Store Account Registration.Test invalid Pet Store Account Username/Password Registration #2 -- Time elapsed: 2.067 s <<< FAILURE!
java.lang.AssertionError
	at my.domain.name.jpetstore.steps.CreateAccountSteps.i_should_see_an_error_message(CreateAccountSteps.java:57)
	at ✽.I should see an error message indicating invalid input(classpath:my/domain/name/jpetstore/feature/CreateAccount.feature:37)

Test Pet Store Account Registration.Test invalid Pet Store Account Information Registration #3 -- Time elapsed: 2.083 s <<< FAILURE!
java.lang.AssertionError
	at my.domain.name.jpetstore.steps.CreateAccountSteps.i_should_see_a_missing_required_fields_message(CreateAccountSteps.java:70)
	at ✽.I should see a message indicating missing required fields(classpath:my/domain/name/jpetstore/feature/CreateAccount.feature:49)

Test Pet Store Account Registration.Test invalid Pet Store Account Information Registration #4 -- Time elapsed: 2.104 s <<< FAILURE!
java.lang.AssertionError
	at my.domain.name.jpetstore.steps.CreateAccountSteps.i_should_see_a_missing_required_fields_message(CreateAccountSteps.java:70)
	at ✽.I should see a message indicating missing required fields(classpath:my/domain/name/jpetstore/feature/CreateAccount.feature:49)

Test Pet Store Account Registration.Test invalid Pet Store Account Information Registration #7 -- Time elapsed: 2.053 s <<< FAILURE!
java.lang.AssertionError
	at my.domain.name.jpetstore.steps.CreateAccountSteps.i_should_see_a_missing_required_fields_message(CreateAccountSteps.java:70)
	at ✽.I should see a message indicating missing required fields(classpath:my/domain/name/jpetstore/feature/CreateAccount.feature:49)

Test Pet Store Account Registration.Test invalid Pet Store Account Information Registration #9 -- Time elapsed: 2.099 s <<< FAILURE!
java.lang.AssertionError
	at my.domain.name.jpetstore.steps.CreateAccountSteps.i_should_see_a_missing_required_fields_message(CreateAccountSteps.java:70)
	at ✽.I should see a message indicating missing required fields(classpath:my/domain/name/jpetstore/feature/CreateAccount.feature:49)

