<?xml version="1.0" encoding="UTF-8"?>
<testsuite xmlns:xsi="http://www.w3.org/2001/XMLSchema-instance" xsi:noNamespaceSchemaLocation="https://maven.apache.org/surefire/maven-surefire-plugin/xsd/surefire-test-report.xsd" version="3.0.1" name="my.domain.name.jpetstore.TestRunner" time="36.815" tests="19" errors="0" skipped="0" failures="8">
  <properties>
[...]
</properties>
  <testcase name="Test valid Pet Store Account Registration #1" classname="Test Pet Store Account Registration" time="2.503">
    <failure type="java.lang.AssertionError"><![CDATA[java.lang.AssertionError
	at my.domain.name.jpetstore.steps.CreateAccountSteps.my_account_is_created(CreateAccountSteps.java:38)
	at ✽.My account is made with the appropriate information assigned to it(classpath:my/domain/name/jpetstore/feature/CreateAccount.feature:26)
]]></failure>
    <system-err><![CDATA[Starting ChromeDriver 134.0.6998.88 (7e3d5c978c6d3a6eda25692cfac7f893a2b20dd0-refs/branch-heads/6998@{#1898}) on port 13558
Only local connections are allowed.
Please see https://chromedriver.chromium.org/security-considerations for suggestions on keeping ChromeDriver safe.
ChromeDriver was started successfully on port 13558.
Mar 15, 2025 11:45:13 P.M. org.openqa.selenium.remote.ProtocolHandshake createSession
INFO: Detected dialect: W3C
]]></system-err>
  </testcase>
  <testcase name="Test valid Pet Store Account Registration #2" classname="Test Pet Store Account Registration" time="2.084">
    <failure type="java.lang.AssertionError"><![CDATA[java.lang.AssertionError
	at my.domain.name.jpetstore.steps.CreateAccountSteps.my_account_is_created(CreateAccountSteps.java:38)
	at ✽.My account is made with the appropriate information assigned to it(classpath:my/domain/name/jpetstore/feature/CreateAccount.feature:26)
]]></failure>
    <system-err><![CDATA[Starting ChromeDriver 134.0.6998.88 (7e3d5c978c6d3a6eda25692cfac7f893a2b20dd0-refs/branch-heads/6998@{#1898}) on port 26526
Only local connections are allowed.
Please see https://chromedriver.chromium.org/security-considerations for suggestions on keeping ChromeDriver safe.
ChromeDriver was started successfully on port 26526.
Mar 15, 2025 11:45:16 P.M. org.openqa.selenium.remote.ProtocolHandshake createSession
INFO: Detected dialect: W3C
]]></system-err>
  </testcase>
  <testcase name="Test invalid Pet Store Account Username/Password Registration #1" classname="Test Pet Store Account Registration" time="2.074">
    <failure type="java.lang.AssertionError"><![CDATA[java.lang.AssertionError
	at my.domain.name.jpetstore.steps.CreateAccountSteps.i_should_see_an_error_message(CreateAccountSteps.java:57)
	at ✽.I should see an error message indicating invalid input(classpath:my/domain/name/jpetstore/feature/CreateAccount.feature:37)
]]></failure>
    <system-err><![CDATA[Starting ChromeDriver 134.0.6998.88 (7e3d5c978c6d3a6eda25692cfac7f893a2b20dd0-refs/branch-heads/6998@{#1898}) on port 42417
Only local connections are allowed.
Please see https://chromedriver.chromium.org/security-considerations for suggestions on keeping ChromeDriver safe.
ChromeDriver was started successfully on port 42417.
Mar 15, 2025 11:45:18 P.M. org.openqa.selenium.remote.ProtocolHandshake createSession
INFO: Detected dialect: W3C
]]></system-err>
  </testcase>
  <testcase name="Test invalid Pet Store Account Username/Password Registration #2" classname="Test Pet Store Account Registration" time="2.067">
    <failure type="java.lang.AssertionError"><![CDATA[java.lang.AssertionError
	at my.domain.name.jpetstore.steps.CreateAccountSteps.i_should_see_an_error_message(CreateAccountSteps.java:57)
	at ✽.I should see an error message indicating invalid input(classpath:my/domain/name/jpetstore/feature/CreateAccount.feature:37)
]]></failure>
    <system-err><![CDATA[Starting ChromeDriver 134.0.6998.88 (7e3d5c978c6d3a6eda25692cfac7f893a2b20dd0-refs/branch-heads/6998@{#1898}) on port 13178
Only local connections are allowed.
Please see https://chromedriver.chromium.org/security-considerations for suggestions on keeping ChromeDriver safe.
ChromeDriver was started successfully on port 13178.
Mar 15, 2025 11:45:20 P.M. org.openqa.selenium.remote.ProtocolHandshake createSession
INFO: Detected dialect: W3C
]]></system-err>
  </testcase>
  <testcase name="Test invalid Pet Store Account Information Registration #1" classname="Test Pet Store Account Registration" time="2.153">
    <system-err><![CDATA[Starting ChromeDriver 134.0.6998.88 (7e3d5c978c6d3a6eda25692cfac7f893a2b20dd0-refs/branch-heads/6998@{#1898}) on port 18480
Only local connections are allowed.
Please see https://chromedriver.chromium.org/security-considerations for suggestions on keeping ChromeDriver safe.
ChromeDriver was started successfully on port 18480.
Mar 15, 2025 11:45:22 P.M. org.openqa.selenium.remote.ProtocolHandshake createSession
INFO: Detected dialect: W3C
]]></system-err>
  </testcase>
  <testcase name="Test invalid Pet Store Account Information Registration #2" classname="Test Pet Store Account Registration" time="2.111">
    <system-err><![CDATA[Starting ChromeDriver 134.0.6998.88 (7e3d5c978c6d3a6eda25692cfac7f893a2b20dd0-refs/branch-heads/6998@{#1898}) on port 55861
Only local connections are allowed.
Please see https://chromedriver.chromium.org/security-considerations for suggestions on keeping ChromeDriver safe.
ChromeDriver was started successfully on port 55861.
Mar 15, 2025 11:45:24 P.M. org.openqa.selenium.remote.ProtocolHandshake createSession
INFO: Detected dialect: W3C
]]></system-err>
  </testcase>
  <testcase name="Test invalid Pet Store Account Information Registration #3" classname="Test Pet Store Account Registration" time="2.083">
    <failure type="java.lang.AssertionError"><![CDATA[java.lang.AssertionError
	at my.domain.name.jpetstore.steps.CreateAccountSteps.i_should_see_a_missing_required_fields_message(CreateAccountSteps.java:70)
	at ✽.I should see a message indicating missing required fields(classpath:my/domain/name/jpetstore/feature/CreateAccount.feature:49)
]]></failure>
    <system-err><![CDATA[Starting ChromeDriver 134.0.6998.88 (7e3d5c978c6d3a6eda25692cfac7f893a2b20dd0-refs/branch-heads/6998@{#1898}) on port 11320
Only local connections are allowed.
Please see https://chromedriver.chromium.org/security-considerations for suggestions on keeping ChromeDriver safe.
ChromeDriver was started successfully on port 11320.
Mar 15, 2025 11:45:26 P.M. org.openqa.selenium.remote.ProtocolHandshake createSession
INFO: Detected dialect: W3C
]]></system-err>
  </testcase>
  <testcase name="Test invalid Pet Store Account Information Registration #4" classname="Test Pet Store Account Registration" time="2.104">
    <failure type="java.lang.AssertionError"><![CDATA[java.lang.AssertionError
	at my.domain.name.jpetstore.steps.CreateAccountSteps.i_should_see_a_missing_required_fields_message(CreateAccountSteps.java:70)
	at ✽.I should see a message indicating missing required fields(classpath:my/domain/name/jpetstore/feature/CreateAccount.feature:49)
]]></failure>
    <system-err><![CDATA[Starting ChromeDriver 134.0.6998.88 (7e3d5c978c6d3a6eda25692cfac7f893a2b20dd0-refs/branch-heads/6998@{#1898}) on port 14613
Only local connections are allowed.
Please see https://chromedriver.chromium.org/security-considerations for suggestions on keeping ChromeDriver safe.
ChromeDriver was started successfully on port 14613.
Mar 15, 2025 11:45:28 P.M. org.openqa.selenium.remote.ProtocolHandshake createSession
INFO: Detected dialect: W3C
]]></system-err>
  </testcase>
  <testcase name="Test invalid Pet Store Account Information Registration #5" classname="Test Pet Store Account Registration" time="2.083">
    <system-err><![CDATA[Starting ChromeDriver 134.0.6998.88 (7e3d5c978c6d3a6eda25692cfac7f893a2b20dd0-refs/branch-heads/6998@{#1898}) on port 47360
Only local connections are allowed.
Please see https://chromedriver.chromium.org/security-considerations for suggestions on keeping ChromeDriver safe.
ChromeDriver was started successfully on port 47360.
Mar 15, 2025 11:45:30 P.M. org.openqa.selenium.remote.ProtocolHandshake createSession
INFO: Detected dialect: W3C
]]></system-err>
  </testcase>
  <testcase name="Test invalid Pet Store Account Information Registration #6" classname="Test Pet Store Account Registration" time="2.095">
    <system-err><![CDATA[Starting ChromeDriver 134.0.6998.88 (7e3d5c978c6d3a6eda25692cfac7f893a2b20dd0-refs/branch-heads/6998@{#1898}) on port 21924
Only local connections are allowed.
Please see https://chromedriver.chromium.org/security-considerations for suggestions on keeping ChromeDriver safe.
ChromeDriver was started successfully on port 21924.
Mar 15, 2025 11:45:32 P.M. org.openqa.selenium.remote.ProtocolHandshake createSession
INFO: Detected dialect: W3C
]]></system-err>
  </testcase>
  <testcase name="Test invalid Pet Store Account Information Registration #7" classname="Test Pet Store Account Registration" time="2.053">
    <failure type="java.lang.AssertionError"><![CDATA[java.lang.AssertionError
	at my.domain.name.jpetstore.steps.CreateAccountSteps.i_should_see_a_missing_required_fields_message(CreateAccountSteps.java:70)
	at ✽.I should see a message indicating missing required fields(classpath:my/domain/name/jpetstore/feature/CreateAccount.feature:49)
]]></failure>
    <system-err><![CDATA[Starting ChromeDriver 134.0.6998.88 (7e3d5c978c6d3a6eda25692cfac7f893a2b20dd0-refs/branch-heads/6998@{#1898}) on port 6272
Only local connections are allowed.
Please see https://chromedriver.chromium.org/security-considerations for suggestions on keeping ChromeDriver safe.
ChromeDriver was started successfully on port 6272.
Mar 15, 2025 11:45:34 P.M. org.openqa.selenium.remote.ProtocolHandshake createSession
INFO: Detected dialect: W3C
]]></system-err>
  </testcase>
  <testcase name="Test invalid Pet Store Account Information Registration #8" classname="Test Pet Store Account Registration" time="2.06">
    <system-err><![CDATA[Starting ChromeDriver 134.0.6998.88 (7e3d5c978c6d3a6eda25692cfac7f893a2b20dd0-refs/branch-heads/6998@{#1898}) on port 58297
Only local connections are allowed.
Please see https://chromedriver.chromium.org/security-considerations for suggestions on keeping ChromeDriver safe.
ChromeDriver was started successfully on port 58297.
Mar 15, 2025 11:45:36 P.M. org.openqa.selenium.remote.ProtocolHandshake createSession
INFO: Detected dialect: W3C
]]></system-err>
  </testcase>
  <testcase name="Test invalid Pet Store Account Information Registration #9" classname="Test Pet Store Account Registration" time="2.099">
    <failure type="java.lang.AssertionError"><![CDATA[java.lang.AssertionError
	at my.domain.name.jpetstore.steps.CreateAccountSteps.i_should_see_a_missing_required_fields_message(CreateAccountSteps.java:70)
	at ✽.I should see a message indicating missing required fields(classpath:my/domain/name/jpetstore/feature/CreateAccount.feature:49)
]]></failure>
    <system-err><![CDATA[Starting ChromeDriver 134.0.6998.88 (7e3d5c978c6d3a6eda25692cfac7f893a2b20dd0-refs/branch-heads/6998@{#1898}) on port 48306
Only local connections are allowed.
Please see https://chromedriver.chromium.org/security-considerations for suggestions on keeping ChromeDriver safe.
ChromeDriver was started successfully on port 48306.
Mar 15, 2025 11:45:38 P.M. org.openqa.selenium.remote.ProtocolHandshake createSession
INFO: Detected dialect: W3C
]]></system-err>
  </testcase>
  <testcase name="Test Valid Pet Store login #1" classname="Test Petstore Login" time="1.616">
    <system-err><![CDATA[Starting ChromeDriver 134.0.6998.88 (7e3d5c978c6d3a6eda25692cfac7f893a2b20dd0-refs/branch-heads/6998@{#1898}) on port 51306
Only local connections are allowed.
Please see https://chromedriver.chromium.org/security-considerations for suggestions on keeping ChromeDriver safe.
ChromeDriver was started successfully on port 51306.
Mar 15, 2025 11:45:41 P.M. org.openqa.selenium.remote.ProtocolHandshake createSession
INFO: Detected dialect: W3C
]]></system-err>
  </testcase>
  <testcase name="Test Valid Pet Store login #2" classname="Test Petstore Login" time="1.603">
    <system-err><![CDATA[Starting ChromeDriver 134.0.6998.88 (7e3d5c978c6d3a6eda25692cfac7f893a2b20dd0-refs/branch-heads/6998@{#1898}) on port 17976
Only local connections are allowed.
Please see https://chromedriver.chromium.org/security-considerations for suggestions on keeping ChromeDriver safe.
ChromeDriver was started successfully on port 17976.
Mar 15, 2025 11:45:42 P.M. org.openqa.selenium.remote.ProtocolHandshake createSession
INFO: Detected dialect: W3C
]]></system-err>
  </testcase>
  <testcase name="Test Valid Pet Store login #3" classname="Test Petstore Login" time="1.61">
    <system-err><![CDATA[Starting ChromeDriver 134.0.6998.88 (7e3d5c978c6d3a6eda25692cfac7f893a2b20dd0-refs/branch-heads/6998@{#1898}) on port 58362
Only local connections are allowed.
Please see https://chromedriver.chromium.org/security-considerations for suggestions on keeping ChromeDriver safe.
ChromeDriver was started successfully on port 58362.
Mar 15, 2025 11:45:44 P.M. org.openqa.selenium.remote.ProtocolHandshake createSession
INFO: Detected dialect: W3C
]]></system-err>
  </testcase>
  <testcase name="Test Invalid Pet Store login #1" classname="Test Petstore Login" time="1.46">
    <system-err><![CDATA[Starting ChromeDriver 134.0.6998.88 (7e3d5c978c6d3a6eda25692cfac7f893a2b20dd0-refs/branch-heads/6998@{#1898}) on port 42752
Only local connections are allowed.
Please see https://chromedriver.chromium.org/security-considerations for suggestions on keeping ChromeDriver safe.
ChromeDriver was started successfully on port 42752.
Mar 15, 2025 11:45:45 P.M. org.openqa.selenium.remote.ProtocolHandshake createSession
INFO: Detected dialect: W3C
]]></system-err>
  </testcase>
  <testcase name="Test Invalid Pet Store login #2" classname="Test Petstore Login" time="1.437">
    <system-err><![CDATA[Starting ChromeDriver 134.0.6998.88 (7e3d5c978c6d3a6eda25692cfac7f893a2b20dd0-refs/branch-heads/6998@{#1898}) on port 54744
Only local connections are allowed.
Please see https://chromedriver.chromium.org/security-considerations for suggestions on keeping ChromeDriver safe.
ChromeDriver was started successfully on port 54744.
Mar 15, 2025 11:45:47 P.M. org.openqa.selenium.remote.ProtocolHandshake createSession
INFO: Detected dialect: W3C
]]></system-err>
  </testcase>
  <testcase name="Test Invalid Pet Store login #3" classname="Test Petstore Login" time="1.456">
    <system-err><![CDATA[Starting ChromeDriver 134.0.6998.88 (7e3d5c978c6d3a6eda25692cfac7f893a2b20dd0-refs/branch-heads/6998@{#1898}) on port 53099
Only local connections are allowed.
Please see https://chromedriver.chromium.org/security-considerations for suggestions on keeping ChromeDriver safe.
ChromeDriver was started successfully on port 53099.
Mar 15, 2025 11:45:48 P.M. org.openqa.selenium.remote.ProtocolHandshake createSession
INFO: Detected dialect: W3C
]]></system-err>
  </testcase>
</testsuite>