<?xml version="1.0" encoding="UTF-8"?>
<testsuite xmlns:xsi="http://www.w3.org/2001/XMLSchema-instance" xsi:noNamespaceSchemaLocation="https://maven.apache.org/surefire/maven-surefire-plugin/xsd/surefire-test-report.xsd" version="3.0.1" name="my.domain.name.jpetstore.TestRunner" time="0.147" tests="3" errors="3" skipped="0" failures="0">
  <properties>
[...]
</properties>
  <testcase name="Test Valid Pet Store login #1" classname="Test Petstore Login" time="0.076">
    <error message="The step &apos;I open Chrome browser&apos; and 3 other step(s) are undefined.&#10;You can implement these steps using the snippet(s) below:&#10;&#10;@Given(&quot;I open Chrome browser&quot;)&#10;public void i_open_chrome_browser() {&#10;    // Write code here that turns the phrase above into concrete actions&#10;    throw new io.cucumber.java.PendingException();&#10;}&#10;@Given(&quot;I go to Pet Store Login page&quot;)&#10;public void i_go_to_pet_store_login_page() {&#10;    // Write code here that turns the phrase above into concrete actions&#10;    throw new io.cucumber.java.PendingException();&#10;}&#10;@When(&quot;I enter valid {string} and {string} combination&quot;)&#10;public void i_enter_valid_and_combination(String string, String string2) {&#10;    // Write code here that turns the phrase above into concrete actions&#10;    throw new io.cucumber.java.PendingException();&#10;}&#10;@Then(&quot;I should be able to login successfully&quot;)&#10;public void i_should_be_able_to_login_successfully() {&#10;    // Write code here that turns the phrase above into concrete actions&#10;    throw new io.cucumber.java.PendingException();&#10;}&#10;" type="io.cucumber.junit.UndefinedStepException"><![CDATA[io.cucumber.junit.UndefinedStepException: 
The step 'I open Chrome browser' and 3 other step(s) are undefined.
You can implement these steps using the snippet(s) below:

@Given("I open Chrome browser")
public void i_open_chrome_browser() {
    // Write code here that turns the phrase above into concrete actions
    throw new io.cucumber.java.PendingException();
}
@Given("I go to Pet Store Login page")
public void i_go_to_pet_store_login_page() {
    // Write code here that turns the phrase above into concrete actions
    throw new io.cucumber.java.PendingException();
}
@When("I enter valid {string} and {string} combination")
public void i_enter_valid_and_combination(String string, String string2) {
    // Write code here that turns the phrase above into concrete actions
    throw new io.cucumber.java.PendingException();
}
@Then("I should be able to login successfully")
public void i_should_be_able_to_login_successfully() {
    // Write code here that turns the phrase above into concrete actions
    throw new io.cucumber.java.PendingException();
}

]]></error>
  </testcase>
  <testcase name="Test Valid Pet Store login #2" classname="Test Petstore Login" time="0.004">
    <error message="The step &apos;I open Chrome browser&apos; and 3 other step(s) are undefined.&#10;You can implement these steps using the snippet(s) below:&#10;&#10;@Given(&quot;I open Chrome browser&quot;)&#10;public void i_open_chrome_browser() {&#10;    // Write code here that turns the phrase above into concrete actions&#10;    throw new io.cucumber.java.PendingException();&#10;}&#10;@Given(&quot;I go to Pet Store Login page&quot;)&#10;public void i_go_to_pet_store_login_page() {&#10;    // Write code here that turns the phrase above into concrete actions&#10;    throw new io.cucumber.java.PendingException();&#10;}&#10;@When(&quot;I enter valid {string} and {string} combination&quot;)&#10;public void i_enter_valid_and_combination(String string, String string2) {&#10;    // Write code here that turns the phrase above into concrete actions&#10;    throw new io.cucumber.java.PendingException();&#10;}&#10;@Then(&quot;I should be able to login successfully&quot;)&#10;public void i_should_be_able_to_login_successfully() {&#10;    // Write code here that turns the phrase above into concrete actions&#10;    throw new io.cucumber.java.PendingException();&#10;}&#10;" type="io.cucumber.junit.UndefinedStepException"><![CDATA[io.cucumber.junit.UndefinedStepException: 
The step 'I open Chrome browser' and 3 other step(s) are undefined.
You can implement these steps using the snippet(s) below:

@Given("I open Chrome browser")
public void i_open_chrome_browser() {
    // Write code here that turns the phrase above into concrete actions
    throw new io.cucumber.java.PendingException();
}
@Given("I go to Pet Store Login page")
public void i_go_to_pet_store_login_page() {
    // Write code here that turns the phrase above into concrete actions
    throw new io.cucumber.java.PendingException();
}
@When("I enter valid {string} and {string} combination")
public void i_enter_valid_and_combination(String string, String string2) {
    // Write code here that turns the phrase above into concrete actions
    throw new io.cucumber.java.PendingException();
}
@Then("I should be able to login successfully")
public void i_should_be_able_to_login_successfully() {
    // Write code here that turns the phrase above into concrete actions
    throw new io.cucumber.java.PendingException();
}

]]></error>
  </testcase>
  <testcase name="Test Valid Pet Store login #3" classname="Test Petstore Login" time="0.004">
    <error message="The step &apos;I open Chrome browser&apos; and 3 other step(s) are undefined.&#10;You can implement these steps using the snippet(s) below:&#10;&#10;@Given(&quot;I open Chrome browser&quot;)&#10;public void i_open_chrome_browser() {&#10;    // Write code here that turns the phrase above into concrete actions&#10;    throw new io.cucumber.java.PendingException();&#10;}&#10;@Given(&quot;I go to Pet Store Login page&quot;)&#10;public void i_go_to_pet_store_login_page() {&#10;    // Write code here that turns the phrase above into concrete actions&#10;    throw new io.cucumber.java.PendingException();&#10;}&#10;@When(&quot;I enter valid {string} and {string} combination&quot;)&#10;public void i_enter_valid_and_combination(String string, String string2) {&#10;    // Write code here that turns the phrase above into concrete actions&#10;    throw new io.cucumber.java.PendingException();&#10;}&#10;@Then(&quot;I should be able to login successfully&quot;)&#10;public void i_should_be_able_to_login_successfully() {&#10;    // Write code here that turns the phrase above into concrete actions&#10;    throw new io.cucumber.java.PendingException();&#10;}&#10;" type="io.cucumber.junit.UndefinedStepException"><![CDATA[io.cucumber.junit.UndefinedStepException: 
The step 'I open Chrome browser' and 3 other step(s) are undefined.
You can implement these steps using the snippet(s) below:

@Given("I open Chrome browser")
public void i_open_chrome_browser() {
    // Write code here that turns the phrase above into concrete actions
    throw new io.cucumber.java.PendingException();
}
@Given("I go to Pet Store Login page")
public void i_go_to_pet_store_login_page() {
    // Write code here that turns the phrase above into concrete actions
    throw new io.cucumber.java.PendingException();
}
@When("I enter valid {string} and {string} combination")
public void i_enter_valid_and_combination(String string, String string2) {
    // Write code here that turns the phrase above into concrete actions
    throw new io.cucumber.java.PendingException();
}
@Then("I should be able to login successfully")
public void i_should_be_able_to_login_successfully() {
    // Write code here that turns the phrase above into concrete actions
    throw new io.cucumber.java.PendingException();
}

]]></error>
  </testcase>
</testsuite>